This is pdfTeX, Version 3.14159265-2.6-1.40.20 (MiKTeX 2.9.7050 64-bit) (preloaded format=pdflatex 2019.7.8)  8 JUL 2019 22:49
entering extended mode
**C:/Users/r3d/Desktop/Patrones-de-dise-o-arquitecturales-y-estructurales-maste
r/Patrones-de-dise-o-arquitecturales-y-estructurales-master/Trabajo_Grupal.tex

(C:/Users/r3d/Desktop/Patrones-de-dise-o-arquitecturales-y-estructurales-master
/Patrones-de-dise-o-arquitecturales-y-estructurales-master/Trabajo_Grupal.tex
LaTeX2e <2018-12-01>
("C:\Users\r3d\AppData\Local\Programs\MiKTeX 2.9\tex/latex/base\article.cls"
Document Class: article 2018/09/03 v1.4i Standard LaTeX document class
("C:\Users\r3d\AppData\Local\Programs\MiKTeX 2.9\tex/latex/base\size12.clo"
File: size12.clo 2018/09/03 v1.4i Standard LaTeX file (size option)
)
\c@part=\count80
\c@section=\count81
\c@subsection=\count82
\c@subsubsection=\count83
\c@paragraph=\count84
\c@subparagraph=\count85
\c@figure=\count86
\c@table=\count87
\abovecaptionskip=\skip41
\belowcaptionskip=\skip42
\bibindent=\dimen102
)
("C:\Users\r3d\AppData\Local\Programs\MiKTeX 2.9\tex/latex/base\inputenc.sty"
Package: inputenc 2018/08/11 v1.3c Input encoding file
\inpenc@prehook=\toks14
\inpenc@posthook=\toks15
)
("C:\Users\r3d\AppData\Local\Programs\MiKTeX 2.9\tex/generic/babel\babel.sty"
Package: babel 2019/06/03 3.32 The Babel package

("C:\Users\r3d\AppData\Local\Programs\MiKTeX 2.9\tex/generic/babel\switch.def"
File: switch.def 2019/06/03 3.32 Babel switching mechanism
)
*************************************
* Local config file bblopts.cfg used
*
("C:\Users\r3d\AppData\Local\Programs\MiKTeX 2.9\tex/latex/arabi\bblopts.cfg"
File: bblopts.cfg 2005/09/08 v0.1 add Arabic and Farsi to "declared" options of
 babel
)
("C:\Users\r3d\AppData\Local\Programs\MiKTeX 2.9\tex/latex/babel-spanish\spanis
h.ldf"
Language: spanish.ldf 2016/03/03 v5.0p Spanish support from the babel system

("C:\Users\r3d\AppData\Local\Programs\MiKTeX 2.9\tex/generic/babel\babel.def"
File: babel.def 2019/06/03 3.32 Babel common definitions
\babel@savecnt=\count88
\U@D=\dimen103

("C:\Users\r3d\AppData\Local\Programs\MiKTeX 2.9\tex/generic/babel\txtbabel.def
")
\bbl@dirlevel=\count89
)
\es@quottoks=\toks16
\es@quotdepth=\count90
Package babel Info: Making " an active character on input line 561.
Package babel Info: Making . an active character on input line 662.
Package babel Info: Making < an active character on input line 707.
Package babel Info: Making > an active character on input line 707.
))
("C:\Users\r3d\AppData\Local\Programs\MiKTeX 2.9\tex/latex/graphics\graphicx.st
y"
Package: graphicx 2017/06/01 v1.1a Enhanced LaTeX Graphics (DPC,SPQR)

("C:\Users\r3d\AppData\Local\Programs\MiKTeX 2.9\tex/latex/graphics\keyval.sty"
Package: keyval 2014/10/28 v1.15 key=value parser (DPC)
\KV@toks@=\toks17
)
("C:\Users\r3d\AppData\Local\Programs\MiKTeX 2.9\tex/latex/graphics\graphics.st
y"
Package: graphics 2017/06/25 v1.2c Standard LaTeX Graphics (DPC,SPQR)
 ("C:\Users\r3d\AppData\Local\Programs\MiKTeX 2.9\tex/latex/graphics\trig.sty"
Package: trig 2016/01/03 v1.10 sin cos tan (DPC)
)
("C:\Users\r3d\AppData\Local\Programs\MiKTeX 2.9\tex/latex/graphics-cfg\graphic
s.cfg"
File: graphics.cfg 2016/06/04 v1.11 sample graphics configuration
)
Package graphics Info: Driver file: pdftex.def on input line 99.

("C:\Users\r3d\AppData\Local\Programs\MiKTeX 2.9\tex/latex/graphics-def\pdftex.
def"
File: pdftex.def 2018/01/08 v1.0l Graphics/color driver for pdftex
))
\Gin@req@height=\dimen104
\Gin@req@width=\dimen105
)
("C:\Users\r3d\AppData\Local\Programs\MiKTeX 2.9\tex/latex/geometry\geometry.st
y"
Package: geometry 2018/04/16 v5.8 Page Geometry

("C:\Users\r3d\AppData\Local\Programs\MiKTeX 2.9\tex/generic/oberdiek\ifpdf.sty
"
Package: ifpdf 2018/09/07 v3.3 Provides the ifpdf switch
)
("C:\Users\r3d\AppData\Local\Programs\MiKTeX 2.9\tex/generic/oberdiek\ifvtex.st
y"
Package: ifvtex 2016/05/16 v1.6 Detect VTeX and its facilities (HO)
Package ifvtex Info: VTeX not detected.
)
("C:\Users\r3d\AppData\Local\Programs\MiKTeX 2.9\tex/generic/ifxetex\ifxetex.st
y"
Package: ifxetex 2010/09/12 v0.6 Provides ifxetex conditional
)
\Gm@cnth=\count91
\Gm@cntv=\count92
\c@Gm@tempcnt=\count93
\Gm@bindingoffset=\dimen106
\Gm@wd@mp=\dimen107
\Gm@odd@mp=\dimen108
\Gm@even@mp=\dimen109
\Gm@layoutwidth=\dimen110
\Gm@layoutheight=\dimen111
\Gm@layouthoffset=\dimen112
\Gm@layoutvoffset=\dimen113
\Gm@dimlist=\toks18

("C:\Users\r3d\AppData\Local\Programs\MiKTeX 2.9\tex/latex/geometry\geometry.cf
g")) ("C:\Users\r3d\AppData\Local\Programs\MiKTeX 2.9\tex/latex/float\float.sty
"
Package: float 2001/11/08 v1.3d Float enhancements (AL)
\c@float@type=\count94
\float@exts=\toks19
\float@box=\box27
\@float@everytoks=\toks20
\@floatcapt=\box28
)
("C:\Users\r3d\AppData\Local\Programs\MiKTeX 2.9\tex/latex/amsmath\amsmath.sty"
Package: amsmath 2018/12/01 v2.17b AMS math features
\@mathmargin=\skip43
For additional information on amsmath, use the `?' option.
("C:\Users\r3d\AppData\Local\Programs\MiKTeX 2.9\tex/latex/amsmath\amstext.sty"
Package: amstext 2000/06/29 v2.01 AMS text
("C:\Users\r3d\AppData\Local\Programs\MiKTeX 2.9\tex/latex/amsmath\amsgen.sty"
File: amsgen.sty 1999/11/30 v2.0 generic functions
\@emptytoks=\toks21
\ex@=\dimen114
)) ("C:\Users\r3d\AppData\Local\Programs\MiKTeX 2.9\tex/latex/amsmath\amsbsy.st
y"
Package: amsbsy 1999/11/29 v1.2d Bold Symbols
\pmbraise@=\dimen115
) ("C:\Users\r3d\AppData\Local\Programs\MiKTeX 2.9\tex/latex/amsmath\amsopn.sty
"
Package: amsopn 2016/03/08 v2.02 operator names
)
\inf@bad=\count95
LaTeX Info: Redefining \frac on input line 223.
\uproot@=\count96
\leftroot@=\count97
LaTeX Info: Redefining \overline on input line 385.
\classnum@=\count98
\DOTSCASE@=\count99
LaTeX Info: Redefining \ldots on input line 482.
LaTeX Info: Redefining \dots on input line 485.
LaTeX Info: Redefining \cdots on input line 606.
\Mathstrutbox@=\box29
\strutbox@=\box30
\big@size=\dimen116
LaTeX Font Info:    Redeclaring font encoding OML on input line 729.
LaTeX Font Info:    Redeclaring font encoding OMS on input line 730.
\macc@depth=\count100
\c@MaxMatrixCols=\count101
\dotsspace@=\muskip10
\c@parentequation=\count102
\dspbrk@lvl=\count103
\tag@help=\toks22
\row@=\count104
\column@=\count105
\maxfields@=\count106
\andhelp@=\toks23
\eqnshift@=\dimen117
\alignsep@=\dimen118
\tagshift@=\dimen119
\tagwidth@=\dimen120
\totwidth@=\dimen121
\lineht@=\dimen122
\@envbody=\toks24
\multlinegap=\skip44
\multlinetaggap=\skip45
\mathdisplay@stack=\toks25
LaTeX Info: Redefining \[ on input line 2844.
LaTeX Info: Redefining \] on input line 2845.
)
("C:\Users\r3d\AppData\Local\Programs\MiKTeX 2.9\tex/latex/oberdiek\stackrel.st
y"
Package: stackrel 2016/05/16 v1.3 Adding subscript option to stackrel (HO)

("C:\Users\r3d\AppData\Local\Programs\MiKTeX 2.9\tex/generic/oberdiek\etexcmds.
sty"
Package: etexcmds 2016/05/16 v1.6 Avoid name clashes with e-TeX commands (HO)

("C:\Users\r3d\AppData\Local\Programs\MiKTeX 2.9\tex/generic/oberdiek\infwarerr
.sty"
Package: infwarerr 2016/05/16 v1.4 Providing info/warning/error messages (HO)
)
("C:\Users\r3d\AppData\Local\Programs\MiKTeX 2.9\tex/generic/oberdiek\ifluatex.
sty"
Package: ifluatex 2016/05/16 v1.4 Provides the ifluatex switch (HO)
Package ifluatex Info: LuaTeX not detected.
))
("C:\Users\r3d\AppData\Local\Programs\MiKTeX 2.9\tex/generic/oberdiek\pdftexcmd
s.sty"
Package: pdftexcmds 2018/09/10 v0.29 Utility functions of pdfTeX for LuaTeX (HO
)

("C:\Users\r3d\AppData\Local\Programs\MiKTeX 2.9\tex/generic/oberdiek\ltxcmds.s
ty"
Package: ltxcmds 2016/05/16 v1.23 LaTeX kernel commands for general use (HO)
)
Package pdftexcmds Info: LuaTeX not detected.
Package pdftexcmds Info: \pdf@primitive is available.
Package pdftexcmds Info: \pdf@ifprimitive is available.
Package pdftexcmds Info: \pdfdraftmode found.
))
("C:\Users\r3d\AppData\Local\Programs\MiKTeX 2.9\tex/latex/multirow\multirow.st
y"
Package: multirow 2019/05/31 v2.5 Span multiple rows of a table
\multirow@colwidth=\skip46
\multirow@cntb=\count107
\multirow@dima=\skip47
\bigstrutjot=\dimen123
)
("C:\Users\r3d\AppData\Local\Programs\MiKTeX 2.9\tex/latex/tools\enumerate.sty"
Package: enumerate 2015/07/23 v3.00 enumerate extensions (DPC)
\@enLab=\toks26
)
No file Trabajo_Grupal.aux.
\openout1 = `Trabajo_Grupal.aux'.

LaTeX Font Info:    Checking defaults for OML/cmm/m/it on input line 18.
LaTeX Font Info:    ... okay on input line 18.
LaTeX Font Info:    Checking defaults for T1/cmr/m/n on input line 18.
LaTeX Font Info:    ... okay on input line 18.
LaTeX Font Info:    Checking defaults for OT1/cmr/m/n on input line 18.
LaTeX Font Info:    ... okay on input line 18.
LaTeX Font Info:    Checking defaults for OMS/cmsy/m/n on input line 18.
LaTeX Font Info:    ... okay on input line 18.
LaTeX Font Info:    Checking defaults for OMX/cmex/m/n on input line 18.
LaTeX Font Info:    ... okay on input line 18.
LaTeX Font Info:    Checking defaults for U/cmr/m/n on input line 18.
LaTeX Font Info:    ... okay on input line 18.
LaTeX Info: Redefining \. on input line 18.
LaTeX Info: Redefining \% on input line 18.

("C:\Users\r3d\AppData\Local\Programs\MiKTeX 2.9\tex/context/base/mkii\supp-pdf
.mkii"
[Loading MPS to PDF converter (version 2006.09.02).]
\scratchcounter=\count108
\scratchdimen=\dimen124
\scratchbox=\box31
\nofMPsegments=\count109
\nofMParguments=\count110
\everyMPshowfont=\toks27
\MPscratchCnt=\count111
\MPscratchDim=\dimen125
\MPnumerator=\count112
\makeMPintoPDFobject=\count113
\everyMPtoPDFconversion=\toks28
)
("C:\Users\r3d\AppData\Local\Programs\MiKTeX 2.9\tex/latex/oberdiek\epstopdf-ba
se.sty"
Package: epstopdf-base 2016/05/15 v2.6 Base part for package epstopdf

("C:\Users\r3d\AppData\Local\Programs\MiKTeX 2.9\tex/latex/oberdiek\grfext.sty"
Package: grfext 2016/05/16 v1.2 Manage graphics extensions (HO)

("C:\Users\r3d\AppData\Local\Programs\MiKTeX 2.9\tex/generic/oberdiek\kvdefinek
eys.sty"
Package: kvdefinekeys 2016/05/16 v1.4 Define keys (HO)
))
("C:\Users\r3d\AppData\Local\Programs\MiKTeX 2.9\tex/latex/oberdiek\kvoptions.s
ty"
Package: kvoptions 2016/05/16 v3.12 Key value format for package options (HO)

("C:\Users\r3d\AppData\Local\Programs\MiKTeX 2.9\tex/generic/oberdiek\kvsetkeys
.sty"
Package: kvsetkeys 2016/05/16 v1.17 Key value parser (HO)
))
Package epstopdf-base Info: Redefining graphics rule for `.eps' on input line 4
38.
Package grfext Info: Graphics extension search list:
(grfext)             [.pdf,.png,.jpg,.mps,.jpeg,.jbig2,.jb2,.PDF,.PNG,.JPG,.JPE
G,.JBIG2,.JB2,.eps]
(grfext)             \AppendGraphicsExtensions on input line 456.
)
*geometry* driver: auto-detecting
*geometry* detected driver: pdftex
*geometry* verbose mode - [ preamble ] result:
* driver: pdftex
* paper: letterpaper
* layout: <same size as paper>
* layoutoffset:(h,v)=(0.0pt,0.0pt)
* modes: 
* h-part:(L,W,R)=(56.9055pt, 500.484pt, 56.9055pt)
* v-part:(T,H,B)=(56.9055pt, 681.15898pt, 56.9055pt)
* \paperwidth=614.295pt
* \paperheight=794.96999pt
* \textwidth=500.484pt
* \textheight=681.15898pt
* \oddsidemargin=-15.36449pt
* \evensidemargin=-15.36449pt
* \topmargin=-52.36449pt
* \headheight=12.0pt
* \headsep=25.0pt
* \topskip=12.0pt
* \footskip=30.0pt
* \marginparwidth=44.0pt
* \marginparsep=10.0pt
* \columnsep=10.0pt
* \skip\footins=10.8pt plus 4.0pt minus 2.0pt
* \hoffset=0.0pt
* \voffset=0.0pt
* \mag=1000
* \@twocolumnfalse
* \@twosidefalse
* \@mparswitchfalse
* \@reversemarginfalse
* (1in=72.27pt=25.4mm, 1cm=28.453pt)

<./Imagenes/logo.jpg, id=1, 202.7575pt x 249.93375pt>
File: ./Imagenes/logo.jpg Graphic file (type jpg)
<use ./Imagenes/logo.jpg>
Package pdftex.def Info: ./Imagenes/logo.jpg  used on input line 38.
(pdftex.def)             Requested size: 113.81102pt x 140.29373pt.
[1

{C:/Users/r3d/AppData/Local/MiKTeX/2.9/pdftex/config/pdftex.map} <C:/Users/r3d/
Desktop/Patrones-de-dise-o-arquitecturales-y-estructurales-master/Patrones-de-d
ise-o-arquitecturales-y-estructurales-master/Imagenes/logo.jpg>]
No file Trabajo_Grupal.toc.
\tf@toc=\write3
\openout3 = `Trabajo_Grupal.toc'.

[1]
\openout2 = `Secciones/Actividad01.aux'.


(C:/Users/r3d/Desktop/Patrones-de-dise-o-arquitecturales-y-estructurales-master
/Patrones-de-dise-o-arquitecturales-y-estructurales-master\Secciones/Actividad0
1.tex
<./Imagenes/composite1.png, id=11, 423.83344pt x 260.47313pt>
File: ./Imagenes/composite1.png Graphic file (type png)
<use ./Imagenes/composite1.png>
Package pdftex.def Info: ./Imagenes/composite1.png  used on input line 10.
(pdftex.def)             Requested size: 284.52756pt x 174.86584pt.
 [1

 <C:/Users/r3d/Desktop/Patrones-de-dise-o-arquitecturales-y-estructurales-maste
r/Patrones-de-dise-o-arquitecturales-y-estructurales-master/Imagenes/composite1
.png>]
<./Imagenes/composite2.png, id=18, 447.17062pt x 234.8775pt>
File: ./Imagenes/composite2.png Graphic file (type png)
<use ./Imagenes/composite2.png>
Package pdftex.def Info: ./Imagenes/composite2.png  used on input line 41.
(pdftex.def)             Requested size: 284.52756pt x 149.45018pt.
 [2 <C:/Users/r3d/Desktop/Patrones-de-dise-o-arquitecturales-y-estructurales-ma
ster/Patrones-de-dise-o-arquitecturales-y-estructurales-master/Imagenes/composi
te2.png>]
<./Imagenes/composite3.png, id=23, 335.75438pt x 223.58531pt>
File: ./Imagenes/composite3.png Graphic file (type png)
<use ./Imagenes/composite3.png>
Package pdftex.def Info: ./Imagenes/composite3.png  used on input line 75.
(pdftex.def)             Requested size: 284.52756pt x 189.47183pt.
<./Imagenes/composite4.png, id=24, 312.41719pt x 203.25937pt>
File: ./Imagenes/composite4.png Graphic file (type png)
<use ./Imagenes/composite4.png>
Package pdftex.def Info: ./Imagenes/composite4.png  used on input line 81.
(pdftex.def)             Requested size: 284.52756pt x 185.11827pt.
 [3 <C:/Users/r3d/Desktop/Patrones-de-dise-o-arquitecturales-y-estructurales-ma
ster/Patrones-de-dise-o-arquitecturales-y-estructurales-master/Imagenes/composi
te3.png> <C:/Users/r3d/Desktop/Patrones-de-dise-o-arquitecturales-y-estructural
es-master/Patrones-de-dise-o-arquitecturales-y-estructurales-master/Imagenes/co
mposite4.png>]) [4]
\openout2 = `Secciones/Actividad02.aux'.


(C:/Users/r3d/Desktop/Patrones-de-dise-o-arquitecturales-y-estructurales-master
/Patrones-de-dise-o-arquitecturales-y-estructurales-master\Secciones/Actividad0
2.tex
<./Imagenes/proxy1.png, id=33, 602.25pt x 451.6875pt>
File: ./Imagenes/proxy1.png Graphic file (type png)
<use ./Imagenes/proxy1.png>
Package pdftex.def Info: ./Imagenes/proxy1.png  used on input line 7.
(pdftex.def)             Requested size: 284.52756pt x 213.40279pt.
 [5


 <C:/Users/r3d/Desktop/Patrones-de-dise-o-arquitecturales-y-estructurales-maste
r/Patrones-de-dise-o-arquitecturales-y-estructurales-master/Imagenes/proxy1.png
>]
<./Imagenes/proxy2.png, id=39, 391.4625pt x 239.39438pt>
File: ./Imagenes/proxy2.png Graphic file (type png)
<use ./Imagenes/proxy2.png>
Package pdftex.def Info: ./Imagenes/proxy2.png  used on input line 51.
(pdftex.def)             Requested size: 284.52756pt x 174.0076pt.
 [6 <C:/Users/r3d/Desktop/Patrones-de-dise-o-arquitecturales-y-estructurales-ma
ster/Patrones-de-dise-o-arquitecturales-y-estructurales-master/Imagenes/proxy2.
png>]
<./Imagenes/proxy3.png, id=43, 407.27156pt x 230.36063pt>
File: ./Imagenes/proxy3.png Graphic file (type png)
<use ./Imagenes/proxy3.png>
Package pdftex.def Info: ./Imagenes/proxy3.png  used on input line 78.
(pdftex.def)             Requested size: 284.52756pt x 160.942pt.
<./Imagenes/proxy4.png, id=44, 360.59718pt x 330.48468pt>
File: ./Imagenes/proxy4.png Graphic file (type png)
<use ./Imagenes/proxy4.png>
Package pdftex.def Info: ./Imagenes/proxy4.png  used on input line 89.
(pdftex.def)             Requested size: 284.52756pt x 260.76738pt.
 [7 <C:/Users/r3d/Desktop/Patrones-de-dise-o-arquitecturales-y-estructurales-ma
ster/Patrones-de-dise-o-arquitecturales-y-estructurales-master/Imagenes/proxy3.
png> <C:/Users/r3d/Desktop/Patrones-de-dise-o-arquitecturales-y-estructurales-m
aster/Patrones-de-dise-o-arquitecturales-y-estructurales-master/Imagenes/proxy4
.png>]
<./Imagenes/proxy5.png, id=48, 498.36188pt x 261.22594pt>
File: ./Imagenes/proxy5.png Graphic file (type png)
<use ./Imagenes/proxy5.png>
Package pdftex.def Info: ./Imagenes/proxy5.png  used on input line 93.
(pdftex.def)             Requested size: 284.52756pt x 149.14346pt.
<./Imagenes/proxy6.png, id=49, 405.01312pt x 291.33844pt>
File: ./Imagenes/proxy6.png Graphic file (type png)
<use ./Imagenes/proxy6.png>
Package pdftex.def Info: ./Imagenes/proxy6.png  used on input line 101.
(pdftex.def)             Requested size: 284.52756pt x 204.67346pt.
<./Imagenes/proxy7.png, id=50, 505.13719pt x 268.75406pt>
File: ./Imagenes/proxy7.png Graphic file (type png)
<use ./Imagenes/proxy7.png>
Package pdftex.def Info: ./Imagenes/proxy7.png  used on input line 105.
(pdftex.def)             Requested size: 284.52756pt x 151.38292pt.
) [8 <C:/Users/r3d/Desktop/Patrones-de-dise-o-arquitecturales-y-estructurales-m
aster/Patrones-de-dise-o-arquitecturales-y-estructurales-master/Imagenes/proxy5
.png> <C:/Users/r3d/Desktop/Patrones-de-dise-o-arquitecturales-y-estructurales-
master/Patrones-de-dise-o-arquitecturales-y-estructurales-master/Imagenes/proxy
6.png> <C:/Users/r3d/Desktop/Patrones-de-dise-o-arquitecturales-y-estructurales
-master/Patrones-de-dise-o-arquitecturales-y-estructurales-master/Imagenes/prox
y7.png>]
\openout2 = `Secciones/Actividad03.aux'.


(C:/Users/r3d/Desktop/Patrones-de-dise-o-arquitecturales-y-estructurales-master
/Patrones-de-dise-o-arquitecturales-y-estructurales-master\Secciones/Actividad0
3.tex
File: ./Imagenes/composite1.png Graphic file (type png)
<use ./Imagenes/composite1.png>
Package pdftex.def Info: ./Imagenes/composite1.png  used on input line 7.
(pdftex.def)             Requested size: 284.52756pt x 174.86584pt.
<./Imagenes/decorator2.png, id=54, 388.45125pt x 301.125pt>
File: ./Imagenes/decorator2.png Graphic file (type png)
<use ./Imagenes/decorator2.png>
Package pdftex.def Info: ./Imagenes/decorator2.png  used on input line 19.
(pdftex.def)             Requested size: 284.52756pt x 220.56836pt.
 [9


 <C:/Users/r3d/Desktop/Patrones-de-dise-o-arquitecturales-y-estructurales-maste
r/Patrones-de-dise-o-arquitecturales-y-estructurales-master/Imagenes/decorator2
.png>]
<./Imagenes/decorator3.png, id=59, 472.01344pt x 229.60782pt>
File: ./Imagenes/decorator3.png Graphic file (type png)
<use ./Imagenes/decorator3.png>
Package pdftex.def Info: ./Imagenes/decorator3.png  used on input line 60.
(pdftex.def)             Requested size: 284.52756pt x 138.40689pt.
<./Imagenes/decorator4.png, id=60, 292.09125pt x 277.78781pt>
File: ./Imagenes/decorator4.png Graphic file (type png)
<use ./Imagenes/decorator4.png>
Package pdftex.def Info: ./Imagenes/decorator4.png  used on input line 67.
(pdftex.def)             Requested size: 284.52756pt x 270.61946pt.
 [10 <C:/Users/r3d/Desktop/Patrones-de-dise-o-arquitecturales-y-estructurales-m
aster/Patrones-de-dise-o-arquitecturales-y-estructurales-master/Imagenes/decora
tor3.png>]
<./Imagenes/decorator5.png, id=65, 365.11406pt x 252.945pt>
File: ./Imagenes/decorator5.png Graphic file (type png)
<use ./Imagenes/decorator5.png>
Package pdftex.def Info: ./Imagenes/decorator5.png  used on input line 73.
(pdftex.def)             Requested size: 284.52756pt x 197.12262pt.
<./Imagenes/decorator6.png, id=66, 345.54094pt x 280.04625pt>
File: ./Imagenes/decorator6.png Graphic file (type png)
<use ./Imagenes/decorator6.png>
Package pdftex.def Info: ./Imagenes/decorator6.png  used on input line 79.
(pdftex.def)             Requested size: 284.52756pt x 230.60085pt.
 [11 <C:/Users/r3d/Desktop/Patrones-de-dise-o-arquitecturales-y-estructurales-m
aster/Patrones-de-dise-o-arquitecturales-y-estructurales-master/Imagenes/decora
tor4.png> <C:/Users/r3d/Desktop/Patrones-de-dise-o-arquitecturales-y-estructura
les-master/Patrones-de-dise-o-arquitecturales-y-estructurales-master/Imagenes/d
ecorator5.png>]
<./Imagenes/decorator7.png, id=73, 486.31688pt x 97.86563pt>
File: ./Imagenes/decorator7.png Graphic file (type png)
<use ./Imagenes/decorator7.png>
Package pdftex.def Info: ./Imagenes/decorator7.png  used on input line 86.
(pdftex.def)             Requested size: 284.52756pt x 57.25786pt.
<./Imagenes/decorator8.png, id=74, 500.62032pt x 471.26062pt>
File: ./Imagenes/decorator8.png Graphic file (type png)
<use ./Imagenes/decorator8.png>
Package pdftex.def Info: ./Imagenes/decorator8.png  used on input line 104.
(pdftex.def)             Requested size: 284.52756pt x 267.85193pt.
 [12 <C:/Users/r3d/Desktop/Patrones-de-dise-o-arquitecturales-y-estructurales-m
aster/Patrones-de-dise-o-arquitecturales-y-estructurales-master/Imagenes/decora
tor6.png> <C:/Users/r3d/Desktop/Patrones-de-dise-o-arquitecturales-y-estructura
les-master/Patrones-de-dise-o-arquitecturales-y-estructurales-master/Imagenes/d
ecorator7.png>]
<./Imagenes/decorator9.png, id=80, 478.03593pt x 401.24907pt>
File: ./Imagenes/decorator9.png Graphic file (type png)
<use ./Imagenes/decorator9.png>
Package pdftex.def Info: ./Imagenes/decorator9.png  used on input line 109.
(pdftex.def)             Requested size: 284.52756pt x 238.82268pt.
<./Imagenes/decorator10.png, id=81, 345.54094pt x 353.06906pt>
File: ./Imagenes/decorator10.png Graphic file (type png)
<use ./Imagenes/decorator10.png>
Package pdftex.def Info: ./Imagenes/decorator10.png  used on input line 117.
(pdftex.def)             Requested size: 284.52756pt x 290.73065pt.
 [13 <C:/Users/r3d/Desktop/Patrones-de-dise-o-arquitecturales-y-estructurales-m
aster/Patrones-de-dise-o-arquitecturales-y-estructurales-master/Imagenes/decora
tor8.png> <C:/Users/r3d/Desktop/Patrones-de-dise-o-arquitecturales-y-estructura
les-master/Patrones-de-dise-o-arquitecturales-y-estructurales-master/Imagenes/d
ecorator9.png>]
<./Imagenes/decorator11.png, id=87, 379.4175pt x 341.77687pt>
File: ./Imagenes/decorator11.png Graphic file (type png)
<use ./Imagenes/decorator11.png>
Package pdftex.def Info: ./Imagenes/decorator11.png  used on input line 122.
(pdftex.def)             Requested size: 284.52756pt x 256.30594pt.
<./Imagenes/decorator12.png, id=88, 481.8pt x 368.1253pt>
File: ./Imagenes/decorator12.png Graphic file (type png)
<use ./Imagenes/decorator12.png>
Package pdftex.def Info: ./Imagenes/decorator12.png  used on input line 128.
(pdftex.def)             Requested size: 284.52756pt x 217.39987pt.
 [14 <C:/Users/r3d/Desktop/Patrones-de-dise-o-arquitecturales-y-estructurales-m
aster/Patrones-de-dise-o-arquitecturales-y-estructurales-master/Imagenes/decora
tor10.png> <C:/Users/r3d/Desktop/Patrones-de-dise-o-arquitecturales-y-estructur
ales-master/Patrones-de-dise-o-arquitecturales-y-estructurales-master/Imagenes/
decorator11.png>]
<./Imagenes/decorator13.png, id=94, 403.5075pt x 176.91093pt>
File: ./Imagenes/decorator13.png Graphic file (type png)
<use ./Imagenes/decorator13.png>
Package pdftex.def Info: ./Imagenes/decorator13.png  used on input line 136.
(pdftex.def)             Requested size: 284.52756pt x 124.7465pt.
<./Imagenes/decorator14.png, id=95, 527.72156pt x 140.77594pt>
File: ./Imagenes/decorator14.png Graphic file (type png)
<use ./Imagenes/decorator14.png>
Package pdftex.def Info: ./Imagenes/decorator14.png  used on input line 140.
(pdftex.def)             Requested size: 284.52756pt x 75.89972pt.
<./Imagenes/decorator15.png, id=96, 466.74374pt x 95.6072pt>
File: ./Imagenes/decorator15.png Graphic file (type png)
<use ./Imagenes/decorator15.png>
Package pdftex.def Info: ./Imagenes/decorator15.png  used on input line 146.
(pdftex.def)             Requested size: 284.52756pt x 58.28381pt.
<./Imagenes/decorator16.png, id=97, 465.99094pt x 151.3153pt>
File: ./Imagenes/decorator16.png Graphic file (type png)
<use ./Imagenes/decorator16.png>
Package pdftex.def Info: ./Imagenes/decorator16.png  used on input line 153.
(pdftex.def)             Requested size: 284.52756pt x 92.39455pt.
 [15 <C:/Users/r3d/Desktop/Patrones-de-dise-o-arquitecturales-y-estructurales-m
aster/Patrones-de-dise-o-arquitecturales-y-estructurales-master/Imagenes/decora
tor12.png> <C:/Users/r3d/Desktop/Patrones-de-dise-o-arquitecturales-y-estructur
ales-master/Patrones-de-dise-o-arquitecturales-y-estructurales-master/Imagenes/
decorator13.png> <C:/Users/r3d/Desktop/Patrones-de-dise-o-arquitecturales-y-est
ructurales-master/Patrones-de-dise-o-arquitecturales-y-estructurales-master/Ima
genes/decorator14.png> <C:/Users/r3d/Desktop/Patrones-de-dise-o-arquitecturales
-y-estructurales-master/Patrones-de-dise-o-arquitecturales-y-estructurales-mast
er/Imagenes/decorator15.png>]
<./Imagenes/decorator17.png, id=104, 466.74374pt x 97.86563pt>
File: ./Imagenes/decorator17.png Graphic file (type png)
<use ./Imagenes/decorator17.png>
Package pdftex.def Info: ./Imagenes/decorator17.png  used on input line 159.
(pdftex.def)             Requested size: 284.52756pt x 59.6606pt.
<./Imagenes/decorator18.png, id=105, 264.99pt x 197.23688pt>
File: ./Imagenes/decorator18.png Graphic file (type png)
<use ./Imagenes/decorator18.png>
Package pdftex.def Info: ./Imagenes/decorator18.png  used on input line 165.
(pdftex.def)             Requested size: 284.52756pt x 211.79375pt.
<./Imagenes/decorator19.png, id=106, 466.74374pt x 171.64125pt>
File: ./Imagenes/decorator19.png Graphic file (type png)
<use ./Imagenes/decorator19.png>
Package pdftex.def Info: ./Imagenes/decorator19.png  used on input line 171.
(pdftex.def)             Requested size: 284.52756pt x 104.63551pt.
 [16 <C:/Users/r3d/Desktop/Patrones-de-dise-o-arquitecturales-y-estructurales-m
aster/Patrones-de-dise-o-arquitecturales-y-estructurales-master/Imagenes/decora
tor16.png> <C:/Users/r3d/Desktop/Patrones-de-dise-o-arquitecturales-y-estructur
ales-master/Patrones-de-dise-o-arquitecturales-y-estructurales-master/Imagenes/
decorator17.png> <C:/Users/r3d/Desktop/Patrones-de-dise-o-arquitecturales-y-est
ructurales-master/Patrones-de-dise-o-arquitecturales-y-estructurales-master/Ima
genes/decorator18.png> <C:/Users/r3d/Desktop/Patrones-de-dise-o-arquitecturales
-y-estructurales-master/Patrones-de-dise-o-arquitecturales-y-estructurales-mast
er/Imagenes/decorator19.png>]
<./Imagenes/decorator20.png, id=112, 415.5525pt x 307.90031pt>
File: ./Imagenes/decorator20.png Graphic file (type png)
<use ./Imagenes/decorator20.png>
Package pdftex.def Info: ./Imagenes/decorator20.png  used on input line 180.
(pdftex.def)             Requested size: 284.52756pt x 210.82587pt.
 [17 <C:/Users/r3d/Desktop/Patrones-de-dise-o-arquitecturales-y-estructurales-m
aster/Patrones-de-dise-o-arquitecturales-y-estructurales-master/Imagenes/decora
tor20.png>]
<./Imagenes/decorator21.png, id=117, 237.13594pt x 243.15843pt>
File: ./Imagenes/decorator21.png Graphic file (type png)
<use ./Imagenes/decorator21.png>
Package pdftex.def Info: ./Imagenes/decorator21.png  used on input line 207.
(pdftex.def)             Requested size: 284.52756pt x 291.76268pt.
)
[18 <C:/Users/r3d/Desktop/Patrones-de-dise-o-arquitecturales-y-estructurales-ma
ster/Patrones-de-dise-o-arquitecturales-y-estructurales-master/Imagenes/decorat
or21.png>]
\openout2 = `Secciones/Actividad04.aux'.


(C:/Users/r3d/Desktop/Patrones-de-dise-o-arquitecturales-y-estructurales-master
/Patrones-de-dise-o-arquitecturales-y-estructurales-master\Secciones/Actividad0
4.tex
Underfull \hbox (badness 10000) in paragraph at lines 2--3

 []

<./Imagenes/facade1.png, id=122, 541.27219pt x 248.42813pt>
File: ./Imagenes/facade1.png Graphic file (type png)
<use ./Imagenes/facade1.png>
Package pdftex.def Info: ./Imagenes/facade1.png  used on input line 26.
(pdftex.def)             Requested size: 284.52756pt x 130.5935pt.
<./Imagenes/facade2.png, id=123, 502.12593pt x 297.36093pt>
File: ./Imagenes/facade2.png Graphic file (type png)
<use ./Imagenes/facade2.png>
Package pdftex.def Info: ./Imagenes/facade2.png  used on input line 31.
(pdftex.def)             Requested size: 284.52756pt x 168.50835pt.
[19


 <C:/Users/r3d/Desktop/Patrones-de-dise-o-arquitecturales-y-estructurales-maste
r/Patrones-de-dise-o-arquitecturales-y-estructurales-master/Imagenes/facade1.pn
g> <C:/Users/r3d/Desktop/Patrones-de-dise-o-arquitecturales-y-estructurales-mas
ter/Patrones-de-dise-o-arquitecturales-y-estructurales-master/Imagenes/facade2.
png>]
<./Imagenes/facade3.png, id=129, 305.14pt x 166.6225pt>
File: ./Imagenes/facade3.png Graphic file (type png)
<use ./Imagenes/facade3.png>
Package pdftex.def Info: ./Imagenes/facade3.png  used on input line 55.
(pdftex.def)             Requested size: 284.52756pt x 155.37173pt.
) [20 <C:/Users/r3d/Desktop/Patrones-de-dise-o-arquitecturales-y-estructurales-
master/Patrones-de-dise-o-arquitecturales-y-estructurales-master/Imagenes/facad
e3.png>]
\openout2 = `Secciones/Actividad05.aux'.


(C:/Users/r3d/Desktop/Patrones-de-dise-o-arquitecturales-y-estructurales-master
/Patrones-de-dise-o-arquitecturales-y-estructurales-master\Secciones/Actividad0
5.tex
Underfull \hbox (badness 10000) in paragraph at lines 2--3

 []

<./Imagenes/adapter.jpg, id=134, 962.84718pt x 520.94624pt>
File: ./Imagenes/adapter.jpg Graphic file (type jpg)
<use ./Imagenes/adapter.jpg>
Package pdftex.def Info: ./Imagenes/adapter.jpg  used on input line 8.
(pdftex.def)             Requested size: 284.52756pt x 153.94012pt.
[21


 <C:/Users/r3d/Desktop/Patrones-de-dise-o-arquitecturales-y-estructurales-maste
r/Patrones-de-dise-o-arquitecturales-y-estructurales-master/Imagenes/adapter.jp
g>]
<./Imagenes/adapter2.png, id=139, 902.6222pt x 584.1825pt>
File: ./Imagenes/adapter2.png Graphic file (type png)
<use ./Imagenes/adapter2.png>
Package pdftex.def Info: ./Imagenes/adapter2.png  used on input line 23.
(pdftex.def)             Requested size: 284.52756pt x 184.15216pt.
<./Imagenes/adapter3.jpg, id=140, 1319.93124pt x 928.46875pt>
File: ./Imagenes/adapter3.jpg Graphic file (type jpg)
<use ./Imagenes/adapter3.jpg>
Package pdftex.def Info: ./Imagenes/adapter3.jpg  used on input line 39.
(pdftex.def)             Requested size: 284.52756pt x 200.14108pt.
) [22 <C:/Users/r3d/Desktop/Patrones-de-dise-o-arquitecturales-y-estructurales-
master/Patrones-de-dise-o-arquitecturales-y-estructurales-master/Imagenes/adapt
er2.png> <C:/Users/r3d/Desktop/Patrones-de-dise-o-arquitecturales-y-estructural
es-master/Patrones-de-dise-o-arquitecturales-y-estructurales-master/Imagenes/ad
apter3.jpg>]
\openout2 = `Secciones/Actividad06.aux'.


(C:/Users/r3d/Desktop/Patrones-de-dise-o-arquitecturales-y-estructurales-master
/Patrones-de-dise-o-arquitecturales-y-estructurales-master\Secciones/Actividad0
6.tex
<./Imagenes/bridge1.png, id=145, 466.74374pt x 228.855pt>
File: ./Imagenes/bridge1.png Graphic file (type png)
<use ./Imagenes/bridge1.png>
Package pdftex.def Info: ./Imagenes/bridge1.png  used on input line 6.
(pdftex.def)             Requested size: 284.52756pt x 139.51404pt.
<./Imagenes/bridge2.png, id=146, 466.74374pt x 256.70906pt>
File: ./Imagenes/bridge2.png Graphic file (type png)
<use ./Imagenes/bridge2.png>
Package pdftex.def Info: ./Imagenes/bridge2.png  used on input line 21.
(pdftex.def)             Requested size: 284.52756pt x 156.49435pt.
 [23


 <C:/Users/r3d/Desktop/Patrones-de-dise-o-arquitecturales-y-estructurales-maste
r/Patrones-de-dise-o-arquitecturales-y-estructurales-master/Imagenes/bridge1.pn
g> <C:/Users/r3d/Desktop/Patrones-de-dise-o-arquitecturales-y-estructurales-mas
ter/Patrones-de-dise-o-arquitecturales-y-estructurales-master/Imagenes/bridge2.
png>]
<./Imagenes/bridge3.png, id=151, 466.74374pt x 161.85469pt>
File: ./Imagenes/bridge3.png Graphic file (type png)
<use ./Imagenes/bridge3.png>
Package pdftex.def Info: ./Imagenes/bridge3.png  used on input line 27.
(pdftex.def)             Requested size: 284.52756pt x 98.66946pt.
<./Imagenes/bridge4.png, id=152, 285.31593pt x 70.76437pt>
File: ./Imagenes/bridge4.png Graphic file (type png)
<use ./Imagenes/bridge4.png>
Package pdftex.def Info: ./Imagenes/bridge4.png  used on input line 46.
(pdftex.def)             Requested size: 284.52756pt x 70.56874pt.
<./Imagenes/bridge5.png, id=153, 421.575pt x 239.39438pt>
File: ./Imagenes/bridge5.png Graphic file (type png)
<use ./Imagenes/bridge5.png>
Package pdftex.def Info: ./Imagenes/bridge5.png  used on input line 57.
(pdftex.def)             Requested size: 284.52756pt x 161.57326pt.
 [24 <C:/Users/r3d/Desktop/Patrones-de-dise-o-arquitecturales-y-estructurales-m
aster/Patrones-de-dise-o-arquitecturales-y-estructurales-master/Imagenes/bridge
3.png> <C:/Users/r3d/Desktop/Patrones-de-dise-o-arquitecturales-y-estructurales
-master/Patrones-de-dise-o-arquitecturales-y-estructurales-master/Imagenes/brid
ge4.png>]
<./Imagenes/bridge6.png, id=157, 446.41782pt x 240.14719pt>
File: ./Imagenes/bridge6.png Graphic file (type png)
<use ./Imagenes/bridge6.png>
Package pdftex.def Info: ./Imagenes/bridge6.png  used on input line 66.
(pdftex.def)             Requested size: 284.52756pt x 153.05972pt.
<./Imagenes/bridge7.png, id=158, 338.01282pt x 248.42813pt>
File: ./Imagenes/bridge7.png Graphic file (type png)
<use ./Imagenes/bridge7.png>
Package pdftex.def Info: ./Imagenes/bridge7.png  used on input line 73.
(pdftex.def)             Requested size: 284.52756pt x 209.1255pt.
 [25 <C:/Users/r3d/Desktop/Patrones-de-dise-o-arquitecturales-y-estructurales-m
aster/Patrones-de-dise-o-arquitecturales-y-estructurales-master/Imagenes/bridge
5.png> <C:/Users/r3d/Desktop/Patrones-de-dise-o-arquitecturales-y-estructurales
-master/Patrones-de-dise-o-arquitecturales-y-estructurales-master/Imagenes/brid
ge6.png> <C:/Users/r3d/Desktop/Patrones-de-dise-o-arquitecturales-y-estructural
es-master/Patrones-de-dise-o-arquitecturales-y-estructurales-master/Imagenes/br
idge7.png>]
<./Imagenes/bridge8.png, id=162, 353.82187pt x 268.00125pt>
File: ./Imagenes/bridge8.png Graphic file (type png)
<use ./Imagenes/bridge8.png>
Package pdftex.def Info: ./Imagenes/bridge8.png  used on input line 83.
(pdftex.def)             Requested size: 284.52756pt x 215.51767pt.
<./Imagenes/bridge9.png, id=163, 462.22687pt x 205.5178pt>
File: ./Imagenes/bridge9.png Graphic file (type png)
<use ./Imagenes/bridge9.png>
Package pdftex.def Info: ./Imagenes/bridge9.png  used on input line 96.
(pdftex.def)             Requested size: 284.52756pt x 126.50716pt.
 [26 <C:/Users/r3d/Desktop/Patrones-de-dise-o-arquitecturales-y-estructurales-m
aster/Patrones-de-dise-o-arquitecturales-y-estructurales-master/Imagenes/bridge
8.png> <C:/Users/r3d/Desktop/Patrones-de-dise-o-arquitecturales-y-estructurales
-master/Patrones-de-dise-o-arquitecturales-y-estructurales-master/Imagenes/brid
ge9.png>]) [27]
\openout2 = `Secciones/Webgrafias.aux'.


(C:/Users/r3d/Desktop/Patrones-de-dise-o-arquitecturales-y-estructurales-master
/Patrones-de-dise-o-arquitecturales-y-estructurales-master\Secciones/Webgrafias
.tex
Underfull \hbox (badness 10000) in paragraph at lines 2--3

 []


Overfull \hbox (21.44554pt too wide) in paragraph at lines 8--9
\OT1/cmr/m/n/12 https://programacion.net/articulo/patrones[]de[]diseno[]ix[]pat
rones[]estructurales[]composite[]1011  
 []

) [28


] (Trabajo_Grupal.aux
LaTeX Info: Redefining \. on input line 6.
LaTeX Info: Redefining \% on input line 6.
 (Secciones/Actividad01.aux)
(Secciones/Actividad02.aux) (Secciones/Actividad03.aux)
(Secciones/Actividad04.aux) (Secciones/Actividad05.aux)
(Secciones/Actividad06.aux) (Secciones/Webgrafias.aux)) ) 
Here is how much of TeX's memory you used:
 3918 strings out of 492895
 61037 string characters out of 3124670
 137145 words of memory out of 3000000
 7690 multiletter control sequences out of 15000+200000
 8261 words of font info for 30 fonts, out of 3000000 for 9000
 1141 hyphenation exceptions out of 8191
 34i,5n,31p,983b,359s stack positions out of 5000i,500n,10000p,200000b,50000s
<C:/Users/r3d/AppData/
Local/Programs/MiKTeX 2.9/fonts/type1/public/amsfonts/cm/cmbx12.pfb><C:/Users/r
3d/AppData/Local/Programs/MiKTeX 2.9/fonts/type1/public/amsfonts/cm/cmr12.pfb><
C:/Users/r3d/AppData/Local/Programs/MiKTeX 2.9/fonts/type1/public/amsfonts/cm/c
msy10.pfb>
Output written on Trabajo_Grupal.pdf (30 pages, 1198635 bytes).
PDF statistics:
 184 PDF objects out of 1000 (max. 8388607)
 0 named destinations out of 1000 (max. 500000)
 236 words of extra memory for PDF output out of 10000 (max. 10000000)

